<?xml version="1.0" encoding="utf-8" standalone="no"?>
<!--This file represents the results of running a test suite-->
<test-results name="C:\Users\Suellen\Documents\Alura\TDD\Caelum.Leilao\bin\Debug\Caelum.Leilao.dll" total="2" errors="0" failures="0" not-run="0" inconclusive="0" ignored="0" skipped="0" invalid="0" date="2017-01-16" time="21:48:17">
  <environment nunit-version="2.6.2.12296" clr-version="2.0.50727.8009" os-version="Microsoft Windows NT 6.2.9200.0" platform="Win32NT" cwd="C:\Program Files (x86)\NUnit 2.6.2\bin" machine-name="LENOVO-PC" user="Suellen" user-domain="LENOVO-PC" />
  <culture-info current-culture="pt-BR" current-uiculture="pt-BR" />
  <test-suite type="Assembly" name="C:\Users\Suellen\Documents\Alura\TDD\Caelum.Leilao\bin\Debug\Caelum.Leilao.dll" executed="True" result="Success" success="True" time="0.047" asserts="0">
    <results>
      <test-suite type="Namespace" name="Caelum" executed="True" result="Success" success="True" time="0.035" asserts="0">
        <results>
          <test-suite type="Namespace" name="Leilao" executed="True" result="Success" success="True" time="0.035" asserts="0">
            <results>
              <test-suite type="TestFixture" name="TesteDoAvaliador" executed="True" result="Success" success="True" time="0.033" asserts="0">
                <results>
                  <test-case name="Caelum.Leilao.TesteDoAvaliador.DeveEntenderLancesEmOrdemCrescente" executed="True" result="Success" success="True" time="0.022" asserts="2" />
                  <test-case name="Caelum.Leilao.TesteDoAvaliador.OutroCenario" executed="True" result="Success" success="True" time="0.000" asserts="0" />
                </results>
              </test-suite>
            </results>
          </test-suite>
        </results>
      </test-suite>
    </results>
  </test-suite>
</test-results>