<?xml version="1.0" encoding="utf-8" standalone="no"?>
<!--This file represents the results of running a test suite-->
<test-results name="C:\Users\Suellen\Documents\Alura\TDD\Caelum.Leilao.Tests\bin\Debug\Caelum.Leilao.Tests.dll" total="21" errors="0" failures="0" not-run="0" inconclusive="0" ignored="0" skipped="0" invalid="0" date="2017-01-16" time="23:54:23">
  <environment nunit-version="2.6.2.12296" clr-version="2.0.50727.8009" os-version="Microsoft Windows NT 6.2.9200.0" platform="Win32NT" cwd="C:\Program Files (x86)\NUnit 2.6.2\bin" machine-name="LENOVO-PC" user="Suellen" user-domain="LENOVO-PC" />
  <culture-info current-culture="pt-BR" current-uiculture="pt-BR" />
  <test-suite type="Assembly" name="C:\Users\Suellen\Documents\Alura\TDD\Caelum.Leilao.Tests\bin\Debug\Caelum.Leilao.Tests.dll" executed="True" result="Success" success="True" time="0.214" asserts="0">
    <results>
      <test-suite type="Namespace" name="Caelum" executed="True" result="Success" success="True" time="0.204" asserts="0">
        <results>
          <test-suite type="Namespace" name="Leilao" executed="True" result="Success" success="True" time="0.204" asserts="0">
            <results>
              <test-suite type="TestFixture" name="AvaliadorTest" executed="True" result="Success" success="True" time="0.166" asserts="0">
                <results>
                  <test-case name="Caelum.Leilao.AvaliadorTest.DeveDevolverListaVaziaCasoNaoHajaLances" executed="True" result="Success" success="True" time="0.129" asserts="1" />
                  <test-case name="Caelum.Leilao.AvaliadorTest.DeveDevolverTodosOsLancesCasoNaoHajaNoMinimo3" executed="True" result="Success" success="True" time="0.005" asserts="3" />
                  <test-case name="Caelum.Leilao.AvaliadorTest.DeveEncontrarOsTresMaioresLances" executed="True" result="Success" success="True" time="0.001" asserts="4" />
                  <test-case name="Caelum.Leilao.AvaliadorTest.DeveEntenderLancesEmOrdemAleatoria" executed="True" result="Success" success="True" time="0.001" asserts="2" />
                  <test-case name="Caelum.Leilao.AvaliadorTest.DeveEntenderLancesEmOrdemCrescente" executed="True" result="Success" success="True" time="0.001" asserts="2" />
                  <test-case name="Caelum.Leilao.AvaliadorTest.DeveEntenderLancesEmOrdemDecrescente" executed="True" result="Success" success="True" time="0.001" asserts="2" />
                  <test-case name="Caelum.Leilao.AvaliadorTest.DeveEntenderLeilaoComApenasUmLance" executed="True" result="Success" success="True" time="0.000" asserts="2" />
                  <test-case name="Caelum.Leilao.AvaliadorTest.OutroCenario" executed="True" result="Success" success="True" time="0.000" asserts="0" />
                  <test-case name="Caelum.Leilao.AvaliadorTest.VerificandoMedia" executed="True" result="Success" success="True" time="0.001" asserts="1" />
                </results>
              </test-suite>
              <test-suite type="Namespace" name="Tests" executed="True" result="Success" success="True" time="0.034" asserts="0">
                <results>
                  <test-suite type="TestFixture" name="FiltroDeLancesTest" executed="True" result="Success" success="True" time="0.013" asserts="0">
                    <results>
                      <test-case name="Caelum.Leilao.Tests.FiltroDeLancesTest.DeveEliminarEntre3000E5000" executed="True" result="Success" success="True" time="0.001" asserts="1" />
                      <test-case name="Caelum.Leilao.Tests.FiltroDeLancesTest.DeveEliminarMenoresQue500" executed="True" result="Success" success="True" time="0.001" asserts="1" />
                      <test-case name="Caelum.Leilao.Tests.FiltroDeLancesTest.DeveSelecionarLancesEntre1000E3000" executed="True" result="Success" success="True" time="0.000" asserts="2" />
                      <test-case name="Caelum.Leilao.Tests.FiltroDeLancesTest.DeveSelecionarLancesEntre500E700" executed="True" result="Success" success="True" time="0.001" asserts="2" />
                      <test-case name="Caelum.Leilao.Tests.FiltroDeLancesTest.DeveSelecionarLancesMaioresQue5000" executed="True" result="Success" success="True" time="0.000" asserts="3" />
                    </results>
                  </test-suite>
                  <test-suite type="TestFixture" name="MatematicaMalucaTest" executed="True" result="Success" success="True" time="0.011" asserts="0">
                    <results>
                      <test-case name="Caelum.Leilao.Tests.MatematicaMalucaTest.TestaValorIgualA10" executed="True" result="Success" success="True" time="0.000" asserts="1" />
                      <test-case name="Caelum.Leilao.Tests.MatematicaMalucaTest.TestaValorIgualA30" executed="True" result="Success" success="True" time="0.000" asserts="1" />
                      <test-case name="Caelum.Leilao.Tests.MatematicaMalucaTest.TestaValorMaiorQue10EMenorQue30" executed="True" result="Success" success="True" time="0.000" asserts="1" />
                      <test-case name="Caelum.Leilao.Tests.MatematicaMalucaTest.TestaValorMaiorQue30" executed="True" result="Success" success="True" time="0.001" asserts="1" />
                      <test-case name="Caelum.Leilao.Tests.MatematicaMalucaTest.TestaValorMenorQue10" executed="True" result="Success" success="True" time="0.000" asserts="1" />
                    </results>
                  </test-suite>
                  <test-suite type="TestFixture" name="PalindromoTest" executed="True" result="Success" success="True" time="0.005" asserts="0">
                    <results>
                      <test-case name="Caelum.Leilao.Tests.PalindromoTest.DeveIdentificarPalindromo" executed="True" result="Success" success="True" time="0.002" asserts="1" />
                      <test-case name="Caelum.Leilao.Tests.PalindromoTest.DeveIdentificarSeNaoEhPalindromo" executed="True" result="Success" success="True" time="0.001" asserts="1" />
                    </results>
                  </test-suite>
                </results>
              </test-suite>
            </results>
          </test-suite>
        </results>
      </test-suite>
    </results>
  </test-suite>
</test-results>